<?xml version="1.0" encoding="UTF-8"?>
<!-- Generated by org.testng.reporters.JUnitReportReporter -->
<testsuite hostname="DavronsL" failures="0" tests="2" name="API_test.Items_management_api" time="3.593" errors="0" timestamp="2024-03-14T21:57:01 EDT" skipped="0">
  <testcase classname="API_test.Items_management_api" name="login_test" time="2.167"/>
  <testcase classname="API_test.Items_management_api" name="Create_item" time="1.426"/>
</testsuite> <!-- API_test.Items_management_api -->
