<?xml version="1.0" encoding="UTF-8"?>
<!-- Generated by org.testng.reporters.JUnitReportReporter -->
<testsuite hostname="DavronsL" failures="0" tests="4" name="API_test.Items_management_api" time="10.821" errors="0" timestamp="2024-03-18T00:11:34 EDT" skipped="0">
  <testcase classname="API_test.Items_management_api" name="update_Item" time="0.651"/>
  <testcase classname="API_test.Items_management_api" name="login_test" time="6.213"/>
  <testcase classname="API_test.Items_management_api" name="Create_item" time="3.641"/>
  <testcase classname="API_test.Items_management_api" name="delete_item" time="0.316"/>
</testsuite> <!-- API_test.Items_management_api -->
