<?xml version="1.0" encoding="UTF-8"?>
<!-- Generated by org.testng.reporters.JUnitReportReporter -->
<testsuite hostname="DavronsL" failures="0" tests="6" name="API_test.Items_management_api" time="6.369" errors="0" timestamp="2024-03-07T23:21:42 EST" skipped="0">
  <testcase classname="API_test.Items_management_api" name="Create_item" time="0.790"/>
  <testcase classname="API_test.Items_management_api" name="lsit_all_items" time="1.780"/>
  <testcase classname="API_test.Items_management_api" name="update_Item" time="0.410"/>
  <testcase classname="API_test.Items_management_api" name="login_test" time="2.747"/>
  <testcase classname="API_test.Items_management_api" name="delete_item" time="0.180"/>
  <testcase classname="API_test.Items_management_api" name="get_item" time="0.462"/>
</testsuite> <!-- API_test.Items_management_api -->
