<?xml version="1.0" encoding="UTF-8"?>
<!-- Generated by org.testng.reporters.JUnitReportReporter -->
<testsuite hostname="DavronsL" failures="0" tests="2" name="API_test.TestNGDemo" time="0.010" errors="0" timestamp="2024-03-13T14:28:28 EDT" skipped="0">
  <testcase classname="API_test.TestNGDemo" name="DemoTest" time="0.003"/>
  <testcase classname="API_test.TestNGDemo" name="anotherTest" time="0.007"/>
</testsuite> <!-- API_test.TestNGDemo -->
