<?xml version="1.0" encoding="UTF-8"?>
<!-- Generated by org.testng.reporters.JUnitReportReporter -->
<testsuite hostname="DavronsL" failures="0" tests="2" name="API_test.Items_management_api" time="4.344" errors="0" timestamp="2024-03-12T23:09:11 EDT" skipped="0">
  <testcase classname="API_test.Items_management_api" name="login_test" time="2.483"/>
  <testcase classname="API_test.Items_management_api" name="lsit_all_items" time="1.861"/>
</testsuite> <!-- API_test.Items_management_api -->
