<?xml version="1.0" encoding="UTF-8"?>
<!-- Generated by org.testng.reporters.JUnitReportReporter -->
<testsuite hostname="DavronsL" failures="0" tests="2" name="API_test.Items_mng_RequestSpcification" time="4.553" errors="0" timestamp="2024-03-12T19:23:50 EDT" skipped="0">
  <testcase classname="API_test.Items_mng_RequestSpcification" name="login_test" time="3.570"/>
  <testcase classname="API_test.Items_mng_RequestSpcification" name="Create_item" time="0.983"/>
</testsuite> <!-- API_test.Items_mng_RequestSpcification -->
