<?xml version="1.0" encoding="UTF-8"?>
<!-- Generated by org.testng.reporters.JUnitReportReporter -->
<testsuite hostname="DavronsL" failures="0" tests="2" name="API_test.TestNGDemo" time="0.016" errors="0" timestamp="2024-03-05T20:57:55 EST" skipped="0">
  <testcase classname="API_test.TestNGDemo" name="DemoTest" time="0.007"/>
  <testcase classname="API_test.TestNGDemo" name="anotherTest" time="0.009"/>
</testsuite> <!-- API_test.TestNGDemo -->
