<?xml version="1.0" encoding="UTF-8"?>
<!-- Generated by org.testng.reporters.JUnitReportReporter -->
<testsuite hostname="DavronsL" failures="0" tests="4" name="API_test.Items_mng_RequestSpcification" time="7.992" errors="0" timestamp="2024-03-18T14:16:35 EDT" skipped="0">
  <testcase classname="API_test.Items_mng_RequestSpcification" name="update_Item" time="0.890"/>
  <testcase classname="API_test.Items_mng_RequestSpcification" name="Create_item" time="1.704"/>
  <testcase classname="API_test.Items_mng_RequestSpcification" name="delete_item" time="0.311"/>
  <testcase classname="API_test.Items_mng_RequestSpcification" name="login_test" time="5.087"/>
</testsuite> <!-- API_test.Items_mng_RequestSpcification -->
