<?xml version="1.0" encoding="UTF-8"?>
<!-- Generated by org.testng.reporters.JUnitReportReporter -->
<testsuite hostname="DavronsL" failures="0" tests="4" name="API_test.Items_management_api" time="12.300" errors="0" timestamp="2024-03-18T14:38:05 EDT" skipped="0">
  <testcase classname="API_test.Items_management_api" name="update_Item" time="0.702"/>
  <testcase classname="API_test.Items_management_api" name="login_test" time="7.689"/>
  <testcase classname="API_test.Items_management_api" name="Create_item" time="3.630"/>
  <testcase classname="API_test.Items_management_api" name="delete_item" time="0.279"/>
</testsuite> <!-- API_test.Items_management_api -->
